<?xml version="1.0" encoding="UTF-8" ?>
<testsuite errors="0" failures="0" hostname="qinkai-ThinkPad-Edge-E430c" name="MyImageTest" skipped="0" tests="9" time="1.216" timestamp="2015-08-26T07:10:11">
  <properties>
    <property name="java.vendor" value="Oracle Corporation" />
    <property name="sun.java.launcher" value="SUN_STANDARD" />
    <property name="sun.management.compiler" value="HotSpot 64-Bit Tiered Compilers" />
    <property name="os.name" value="Linux" />
    <property name="sun.boot.class.path" value="/usr/lib/jvm/java-8-oracle/jre/lib/resources.jar:/usr/lib/jvm/java-8-oracle/jre/lib/rt.jar:/usr/lib/jvm/java-8-oracle/jre/lib/sunrsasign.jar:/usr/lib/jvm/java-8-oracle/jre/lib/jsse.jar:/usr/lib/jvm/java-8-oracle/jre/lib/jce.jar:/usr/lib/jvm/java-8-oracle/jre/lib/charsets.jar:/usr/lib/jvm/java-8-oracle/jre/lib/jfr.jar:/usr/lib/jvm/java-8-oracle/jre/classes" />
    <property name="TODAY" value="August 26 2015" />
    <property name="sun.desktop" value="gnome" />
    <property name="java.vm.specification.vendor" value="Oracle Corporation" />
    <property name="ant.home" value="/usr/share/ant" />
    <property name="java.runtime.version" value="1.8.0_45-b14" />
    <property name="ant.file.Project Argon" value="/home/qinkai/Desktop/totalProject/Stage3/imageProcessing/test/build.xml" />
    <property name="distDir" value="/home/qinkai/Desktop/totalProject/Stage3/imageProcessing/test/dist" />
    <property name="user.name" value="qinkai" />
    <property name="ant.file.type.Project Argon" value="file" />
    <property name="user.language" value="en" />
    <property name="sun.boot.library.path" value="/usr/lib/jvm/java-8-oracle/jre/lib/amd64" />
    <property name="ant.project.default-target" value="junit" />
    <property name="srcDir" value="/home/qinkai/Desktop/totalProject/Stage3/imageProcessing/test" />
    <property name="ant.project.name" value="Project Argon" />
    <property name="DSTAMP" value="20150826" />
    <property name="java.version" value="1.8.0_45" />
    <property name="reportsDir" value="/home/qinkai/Desktop/totalProject/Stage3/imageProcessing/test/report" />
    <property name="user.timezone" value="Asia/Shanghai" />
    <property name="sun.arch.data.model" value="64" />
    <property name="java.endorsed.dirs" value="/usr/lib/jvm/java-8-oracle/jre/lib/endorsed" />
    <property name="sun.cpu.isalist" value="" />
    <property name="sun.jnu.encoding" value="UTF-8" />
    <property name="file.encoding.pkg" value="sun.io" />
    <property name="file.separator" value="/" />
    <property name="java.specification.name" value="Java Platform API Specification" />
    <property name="java.class.version" value="52.0" />
    <property name="user.country" value="US" />
    <property name="java.home" value="/usr/lib/jvm/java-8-oracle/jre" />
    <property name="java.vm.info" value="mixed mode" />
    <property name="ant.file" value="/home/qinkai/Desktop/totalProject/Stage3/imageProcessing/test/build.xml" />
    <property name="os.version" value="3.16.0-30-generic" />
    <property name="path.separator" value=":" />
    <property name="java.vm.version" value="25.45-b02" />
    <property name="ant.library.dir" value="/usr/share/ant/lib" />
    <property name="java.awt.printerjob" value="sun.print.PSPrinterJob" />
    <property name="sun.io.unicode.encoding" value="UnicodeLittle" />
    <property name="awt.toolkit" value="sun.awt.X11.XToolkit" />
    <property name="user.home" value="/home/qinkai" />
    <property name="java.specification.vendor" value="Oracle Corporation" />
    <property name="java.library.path" value="/usr/java/packages/lib/amd64:/usr/lib64:/lib64:/lib:/usr/lib" />
    <property name="java.vendor.url" value="http://java.oracle.com/" />
    <property name="java.vm.vendor" value="Oracle Corporation" />
    <property name="java.runtime.name" value="Java(TM) SE Runtime Environment" />
    <property name="sun.java.command" value="org.apache.tools.ant.taskdefs.optional.junit.JUnitTestRunner MyImageTest skipNonTests=false filtertrace=true haltOnError=false haltOnFailure=false formatter=org.apache.tools.ant.taskdefs.optional.junit.SummaryJUnitResultFormatter showoutput=false outputtoformatters=true logfailedtests=true threadid=0 logtestlistenerevents=false formatter=org.apache.tools.ant.taskdefs.optional.junit.XMLJUnitResultFormatter,/home/qinkai/Desktop/totalProject/Stage3/imageProcessing/test/report/TEST-MyImageTest.xml crashfile=/home/qinkai/Desktop/totalProject/Stage3/imageProcessing/test/junitvmwatcher6084417536001585609.properties propsfile=/home/qinkai/Desktop/totalProject/Stage3/imageProcessing/test/junit3375354558575891793.properties" />
    <property name="java.class.path" value="/home/qinkai/Desktop/totalProject/Stage3/imageProcessing/test/build:/home/qinkai/Desktop/totalProject/Stage3/imageProcessing/test:/home/qinkai/Desktop/totalProject/Stage3/imageProcessing/test/junit-4.9.jar:/home/qinkai/Desktop/totalProject/Stage3/imageProcessing/ImageReader/ImageReader.jar:/usr/share/ant/lib/junit.jar:/usr/share/java/ant-launcher-1.9.4.jar:/usr/share/ant/lib/ant.jar:/usr/share/ant/lib/ant-junit.jar:/usr/share/ant/lib/ant-junit4.jar" />
    <property name="ant.version" value="Apache Ant(TM) version 1.9.4 compiled on May 9 2014" />
    <property name="TSTAMP" value="1510" />
    <property name="java.vm.specification.name" value="Java Virtual Machine Specification" />
    <property name="ant.file.type" value="file" />
    <property name="buildDir" value="/home/qinkai/Desktop/totalProject/Stage3/imageProcessing/test/build" />
    <property name="java.vm.specification.version" value="1.8" />
    <property name="sun.cpu.endian" value="little" />
    <property name="sun.os.patch.level" value="unknown" />
    <property name="java.io.tmpdir" value="/tmp" />
    <property name="java.vendor.url.bug" value="http://bugreport.sun.com/bugreport/" />
    <property name="os.arch" value="amd64" />
    <property name="java.awt.graphicsenv" value="sun.awt.X11GraphicsEnvironment" />
    <property name="java.ext.dirs" value="/usr/lib/jvm/java-8-oracle/jre/lib/ext:/usr/java/packages/lib/ext" />
    <property name="user.dir" value="/home/qinkai/Desktop/totalProject/Stage3/imageProcessing/test" />
    <property name="line.separator" value="&#xa;" />
    <property name="java.vm.name" value="Java HotSpot(TM) 64-Bit Server VM" />
    <property name="basedir" value="/home/qinkai/Desktop/totalProject/Stage3/imageProcessing/test" />
    <property name="ant.java.version" value="1.8" />
    <property name="ant.core.lib" value="/usr/share/ant/lib/ant.jar" />
    <property name="file.encoding" value="UTF-8" />
    <property name="java.specification.version" value="1.8" />
    <property name="ant.project.invoked-targets" value="junit" />
  </properties>
  <testcase classname="MyImageTest" name="rslImageRed2Process" time="0.475" />
  <testcase classname="MyImageTest" name="rslImageGreen2Process" time="0.245" />
  <testcase classname="MyImageTest" name="rslImageBlueProcess" time="0.045" />
  <testcase classname="MyImageTest" name="rslImageGreenProcess" time="0.04" />
  <testcase classname="MyImageTest" name="rslImageRedProcess" time="0.05" />
  <testcase classname="MyImageTest" name="rslImageGrayProcess" time="0.038" />
  <testcase classname="MyImageTest" name="rslImageRead" time="0.04" />
  <testcase classname="MyImageTest" name="rslImageBlue2Process" time="0.144" />
  <testcase classname="MyImageTest" name="rslImageGray2Process" time="0.064" />
  <system-out><![CDATA[2199606
715
1024
24
2199606
715
1024
24
480054
400
400
24
480054
400
400
24
480054
400
400
24
480054
400
400
24
480054
400
400
24
2199606
715
1024
24
2199606
715
1024
24
]]></system-out>
  <system-err><![CDATA[]]></system-err>
</testsuite>
